notification:  {
  hash: "0xf09ea837e0f2eff8c77d90a47f11143a881d8ed0",
  parentHash: "0x9d18f74d46ee67a73dea619d2beb041cc42bde0d",
  parentUrl: null,
  rootParentUrl: null,
  threadHash: "0xd0bd965b265e6d9a8de09d23a385e4fe697173bc",
  parentAuthor: {
    fid: "15355"
  },
  author: {
    fid: 15355,
    custodyAddress: "0x1ee755a6c617a9ef8bfccde23391b775f957cd45",
    username: "bajpaiharsh",
    displayName: "Harsh Bajpai",
    pfp: {
      url: "https://i.imgur.com/COMDDj4.jpg"
    },
    profile: {
      bio: {
        text: "core dev Kakarot zkEvm, ex protocol engineer PolygonID.",
        mentionedProfiles: []
      }
    },
    followerCount: 150,
    followingCount: 41,
    verifications: [],
    activeStatus: "inactive"
  },
  text: "@starkbot testing",
  timestamp: "2024-02-16T12:46:30.000Z",
  embeds: [],
  mentionedProfiles: [
    {
      fid: 291448,
      custodyAddress: "0x67001939e606cb65dec54cd9c520d495b687c0da",
      username: "starkbot",
      displayName: "starkbot",
      pfp: {
        url: "https://i.imgur.com/gGgWgsG.png"
      },
      profile: {
        bio: {
          text: "Your favorite starknet bot.",
          mentionedProfiles: []
        }
      },
      followerCount: 1,
      followingCount: 1,
      verifications: [],
      activeStatus: "inactive"
    }
  ],
  type: "cast-mention",
  reactions: {
    count: 0,
    fids: []
  },
  recasts: {
    count: 0,
    fids: []
  },
  recasters: [],
  viewerContext: {
    liked: false,
    recasted: false
  },
  replies: {
    count: 0
  }
}
----------------------------
notification:  {
  hash: "0x9d18f74d46ee67a73dea619d2beb041cc42bde0d",
  parentHash: "0xd0bd965b265e6d9a8de09d23a385e4fe697173bc",
  parentUrl: null,
  rootParentUrl: null,
  threadHash: "0xd0bd965b265e6d9a8de09d23a385e4fe697173bc",
  parentAuthor: {
    fid: "291448"
  },
  author: {
    fid: 15355,
    custodyAddress: "0x1ee755a6c617a9ef8bfccde23391b775f957cd45",
    username: "bajpaiharsh",
    displayName: "Harsh Bajpai",
    pfp: {
      url: "https://i.imgur.com/COMDDj4.jpg"
    },
    profile: {
      bio: {
        text: "core dev Kakarot zkEvm, ex protocol engineer PolygonID.",
        mentionedProfiles: []
      }
    },
    followerCount: 150,
    followingCount: 41,
    verifications: [],
    activeStatus: "inactive"
  },
  text: "I am testing @starkbot",
  timestamp: "2024-02-16T12:45:54.000Z",
  embeds: [],
  mentionedProfiles: [
    {
      fid: 291448,
      custodyAddress: "0x67001939e606cb65dec54cd9c520d495b687c0da",
      username: "starkbot",
      displayName: "starkbot",
      pfp: {
        url: "https://i.imgur.com/gGgWgsG.png"
      },
      profile: {
        bio: {
          text: "Your favorite starknet bot.",
          mentionedProfiles: []
        }
      },
      followerCount: 1,
      followingCount: 1,
      verifications: [],
      activeStatus: "inactive"
    }
  ],
  type: "cast-mention",
  reactions: {
    count: 0,
    fids: []
  },
  recasts: {
    count: 0,
    fids: []
  },
  recasters: [],
  viewerContext: {
    liked: false,
    recasted: false
  },
  replies: {
    count: 1
  }
}
----------------------------
notification:  {
  hash: "0xd0c486d5a4b1f4d2805d7394d1af1cae5f5e3d5d",
  parentHash: null,
  parentUrl: null,
  rootParentUrl: null,
  threadHash: "0xd0c486d5a4b1f4d2805d7394d1af1cae5f5e3d5d",
  parentAuthor: {
    fid: null
  },
  author: {
    fid: 15355,
    custodyAddress: "0x1ee755a6c617a9ef8bfccde23391b775f957cd45",
    username: "bajpaiharsh",
    displayName: "Harsh Bajpai",
    pfp: {
      url: "https://i.imgur.com/COMDDj4.jpg"
    },
    profile: {
      bio: {
        text: "core dev Kakarot zkEvm, ex protocol engineer PolygonID.",
        mentionedProfiles: []
      }
    },
    followerCount: 150,
    followingCount: 41,
    verifications: [],
    activeStatus: "inactive"
  },
  text: "Interesting!\n\nSo I am building a bot with @neynar , I am able to send cast, and I can also see that when I fetch this cast by Hash, I can find it!\n\nBut I can't see it on my bot's feed { bot is @starkbot }\n\nIs Warpcast censoring my feed, and if yes then why?\n\ncast hash: 0x542f2179cd69f1e9a6722a3b014bf071187ba740\n\ncc: @v",
  timestamp: "2024-02-15T08:45:14.000Z",
  embeds: [],
  mentionedProfiles: [
    {
      fid: 6131,
      custodyAddress: "0xa6a8736f18f383f1cc2d938576933e5ea7df01a1",
      username: "neynar",
      displayName: "Neynar",
      pfp: {
        url: "https://i.imgur.com/wK2JvwV.png"
      },
      profile: {
        bio: {
          text: "best farcaster developers build on neynar.com | /neynar",
          mentionedProfiles: []
        }
      },
      followerCount: 1762,
      followingCount: 46,
      verifications: [ "0xa6a8736f18f383f1cc2d938576933e5ea7df01a1" ],
      activeStatus: "active"
    }, {
      fid: 291448,
      custodyAddress: "0x67001939e606cb65dec54cd9c520d495b687c0da",
      username: "starkbot",
      displayName: "starkbot",
      pfp: {
        url: "https://i.imgur.com/gGgWgsG.png"
      },
      profile: {
        bio: {
          text: "Your favorite starknet bot.",
          mentionedProfiles: []
        }
      },
      followerCount: 1,
      followingCount: 1,
      verifications: [],
      activeStatus: "inactive"
    }, {
      fid: 2,
      custodyAddress: "0x4114e33eb831858649ea3702e1c9a2db3f626446",
      username: "v",
      displayName: "Varun Srinivasan",
      pfp: {
        url: "https://i.seadn.io/gae/sYAr036bd0bRpj7OX6B-F-MqLGznVkK3--DSneL_BT5GX4NZJ3Zu91PgjpD9-xuVJtHq0qirJfPZeMKrahz8Us2Tj_X8qdNPYC-imqs?w=500&auto=format"
      },
      profile: {
        bio: {
          text: "Technowatermelon. Elder Millenial. Building Farcaster. \n\nnf.td/varun",
          mentionedProfiles: []
        }
      },
      followerCount: 129024,
      followingCount: 1116,
      verifications: [ "0x91031dcfdea024b4d51e775486111d2b2a715871", "0x182327170fc284caaa5b1bc3e3878233f529d741",
        "0x83f7335253bfaf321de49f25f6fd67fa8f1d0665b4cab33f67f7e4341bfd91d0" ],
      activeStatus: "active"
    }
  ],
  type: "cast-mention",
  reactions: {
    count: 0,
    fids: []
  },
  recasts: {
    count: 0,
    fids: []
  },
  recasters: [],
  viewerContext: {
    liked: false,
    recasted: false
  },
  replies: {
    count: 1
  }
}
----------------------------
notification:  {
  hash: "0xf09ea837e0f2eff8c77d90a47f11143a881d8ed0",
  parentHash: "0x9d18f74d46ee67a73dea619d2beb041cc42bde0d",
  parentUrl: null,
  rootParentUrl: null,
  threadHash: "0xd0bd965b265e6d9a8de09d23a385e4fe697173bc",
  parentAuthor: {
    fid: "15355"
  },
  author: {
    fid: 15355,
    custodyAddress: "0x1ee755a6c617a9ef8bfccde23391b775f957cd45",
    username: "bajpaiharsh",
    displayName: "Harsh Bajpai",
    pfp: {
      url: "https://i.imgur.com/COMDDj4.jpg"
    },
    profile: {
      bio: {
        text: "core dev Kakarot zkEvm, ex protocol engineer PolygonID.",
        mentionedProfiles: []
      }
    },
    followerCount: 150,
    followingCount: 41,
    verifications: [],
    activeStatus: "inactive"
  },
  text: "@starkbot testing",
  timestamp: "2024-02-16T12:46:30.000Z",
  embeds: [],
  mentionedProfiles: [
    {
      fid: 291448,
      custodyAddress: "0x67001939e606cb65dec54cd9c520d495b687c0da",
      username: "starkbot",
      displayName: "starkbot",
      pfp: {
        url: "https://i.imgur.com/gGgWgsG.png"
      },
      profile: {
        bio: {
          text: "Your favorite starknet bot.",
          mentionedProfiles: []
        }
      },
      followerCount: 1,
      followingCount: 1,
      verifications: [],
      activeStatus: "inactive"
    }
  ],
  type: "cast-mention",
  reactions: {
    count: 0,
    fids: []
  },
  recasts: {
    count: 0,
    fids: []
  },
  recasters: [],
  viewerContext: {
    liked: false,
    recasted: false
  },
  replies: {
    count: 0
  }
}
----------------------------
notification:  {
  hash: "0x9d18f74d46ee67a73dea619d2beb041cc42bde0d",
  parentHash: "0xd0bd965b265e6d9a8de09d23a385e4fe697173bc",
  parentUrl: null,
  rootParentUrl: null,
  threadHash: "0xd0bd965b265e6d9a8de09d23a385e4fe697173bc",
  parentAuthor: {
    fid: "291448"
  },
  author: {
    fid: 15355,
    custodyAddress: "0x1ee755a6c617a9ef8bfccde23391b775f957cd45",
    username: "bajpaiharsh",
    displayName: "Harsh Bajpai",
    pfp: {
      url: "https://i.imgur.com/COMDDj4.jpg"
    },
    profile: {
      bio: {
        text: "core dev Kakarot zkEvm, ex protocol engineer PolygonID.",
        mentionedProfiles: []
      }
    },
    followerCount: 150,
    followingCount: 41,
    verifications: [],
    activeStatus: "inactive"
  },
  text: "I am testing @starkbot",
  timestamp: "2024-02-16T12:45:54.000Z",
  embeds: [],
  mentionedProfiles: [
    {
      fid: 291448,
      custodyAddress: "0x67001939e606cb65dec54cd9c520d495b687c0da",
      username: "starkbot",
      displayName: "starkbot",
      pfp: {
        url: "https://i.imgur.com/gGgWgsG.png"
      },
      profile: {
        bio: {
          text: "Your favorite starknet bot.",
          mentionedProfiles: []
        }
      },
      followerCount: 1,
      followingCount: 1,
      verifications: [],
      activeStatus: "inactive"
    }
  ],
  type: "cast-mention",
  reactions: {
    count: 0,
    fids: []
  },
  recasts: {
    count: 0,
    fids: []
  },
  recasters: [],
  viewerContext: {
    liked: false,
    recasted: false
  },
  replies: {
    count: 1
  }
}
----------------------------
notification:  {
  hash: "0xd0c486d5a4b1f4d2805d7394d1af1cae5f5e3d5d",
  parentHash: null,
  parentUrl: null,
  rootParentUrl: null,
  threadHash: "0xd0c486d5a4b1f4d2805d7394d1af1cae5f5e3d5d",
  parentAuthor: {
    fid: null
  },
  author: {
    fid: 15355,
    custodyAddress: "0x1ee755a6c617a9ef8bfccde23391b775f957cd45",
    username: "bajpaiharsh",
    displayName: "Harsh Bajpai",
    pfp: {
      url: "https://i.imgur.com/COMDDj4.jpg"
    },
    profile: {
      bio: {
        text: "core dev Kakarot zkEvm, ex protocol engineer PolygonID.",
        mentionedProfiles: []
      }
    },
    followerCount: 150,
    followingCount: 41,
    verifications: [],
    activeStatus: "inactive"
  },
  text: "Interesting!\n\nSo I am building a bot with @neynar , I am able to send cast, and I can also see that when I fetch this cast by Hash, I can find it!\n\nBut I can't see it on my bot's feed { bot is @starkbot }\n\nIs Warpcast censoring my feed, and if yes then why?\n\ncast hash: 0x542f2179cd69f1e9a6722a3b014bf071187ba740\n\ncc: @v",
  timestamp: "2024-02-15T08:45:14.000Z",
  embeds: [],
  mentionedProfiles: [
    {
      fid: 6131,
      custodyAddress: "0xa6a8736f18f383f1cc2d938576933e5ea7df01a1",
      username: "neynar",
      displayName: "Neynar",
      pfp: {
        url: "https://i.imgur.com/wK2JvwV.png"
      },
      profile: {
        bio: {
          text: "best farcaster developers build on neynar.com | /neynar",
          mentionedProfiles: []
        }
      },
      followerCount: 1762,
      followingCount: 46,
      verifications: [ "0xa6a8736f18f383f1cc2d938576933e5ea7df01a1" ],
      activeStatus: "active"
    }, {
      fid: 291448,
      custodyAddress: "0x67001939e606cb65dec54cd9c520d495b687c0da",
      username: "starkbot",
      displayName: "starkbot",
      pfp: {
        url: "https://i.imgur.com/gGgWgsG.png"
      },
      profile: {
        bio: {
          text: "Your favorite starknet bot.",
          mentionedProfiles: []
        }
      },
      followerCount: 1,
      followingCount: 1,
      verifications: [],
      activeStatus: "inactive"
    }, {
      fid: 2,
      custodyAddress: "0x4114e33eb831858649ea3702e1c9a2db3f626446",
      username: "v",
      displayName: "Varun Srinivasan",
      pfp: {
        url: "https://i.seadn.io/gae/sYAr036bd0bRpj7OX6B-F-MqLGznVkK3--DSneL_BT5GX4NZJ3Zu91PgjpD9-xuVJtHq0qirJfPZeMKrahz8Us2Tj_X8qdNPYC-imqs?w=500&auto=format"
      },
      profile: {
        bio: {
          text: "Technowatermelon. Elder Millenial. Building Farcaster. \n\nnf.td/varun",
          mentionedProfiles: []
        }
      },
      followerCount: 129024,
      followingCount: 1116,
      verifications: [ "0x91031dcfdea024b4d51e775486111d2b2a715871", "0x182327170fc284caaa5b1bc3e3878233f529d741",
        "0x83f7335253bfaf321de49f25f6fd67fa8f1d0665b4cab33f67f7e4341bfd91d0" ],
      activeStatus: "active"
    }
  ],
  type: "cast-mention",
  reactions: {
    count: 0,
    fids: []
  },
  recasts: {
    count: 0,
    fids: []
  },
  recasters: [],
  viewerContext: {
    liked: false,
    recasted: false
  },
  replies: {
    count: 1
  }
}
----------------------------
notification:  {
  hash: "0xf09ea837e0f2eff8c77d90a47f11143a881d8ed0",
  parentHash: "0x9d18f74d46ee67a73dea619d2beb041cc42bde0d",
  parentUrl: null,
  rootParentUrl: null,
  threadHash: "0xd0bd965b265e6d9a8de09d23a385e4fe697173bc",
  parentAuthor: {
    fid: "15355"
  },
  author: {
    fid: 15355,
    custodyAddress: "0x1ee755a6c617a9ef8bfccde23391b775f957cd45",
    username: "bajpaiharsh",
    displayName: "Harsh Bajpai",
    pfp: {
      url: "https://i.imgur.com/COMDDj4.jpg"
    },
    profile: {
      bio: {
        text: "core dev Kakarot zkEvm, ex protocol engineer PolygonID.",
        mentionedProfiles: []
      }
    },
    followerCount: 150,
    followingCount: 41,
    verifications: [],
    activeStatus: "inactive"
  },
  text: "@starkbot testing",
  timestamp: "2024-02-16T12:46:30.000Z",
  embeds: [],
  mentionedProfiles: [
    {
      fid: 291448,
      custodyAddress: "0x67001939e606cb65dec54cd9c520d495b687c0da",
      username: "starkbot",
      displayName: "starkbot",
      pfp: {
        url: "https://i.imgur.com/gGgWgsG.png"
      },
      profile: {
        bio: {
          text: "Your favorite starknet bot.",
          mentionedProfiles: []
        }
      },
      followerCount: 1,
      followingCount: 1,
      verifications: [],
      activeStatus: "inactive"
    }
  ],
  type: "cast-mention",
  reactions: {
    count: 0,
    fids: []
  },
  recasts: {
    count: 0,
    fids: []
  },
  recasters: [],
  viewerContext: {
    liked: false,
    recasted: false
  },
  replies: {
    count: 0
  }
}
----------------------------
notification:  {
  hash: "0x9d18f74d46ee67a73dea619d2beb041cc42bde0d",
  parentHash: "0xd0bd965b265e6d9a8de09d23a385e4fe697173bc",
  parentUrl: null,
  rootParentUrl: null,
  threadHash: "0xd0bd965b265e6d9a8de09d23a385e4fe697173bc",
  parentAuthor: {
    fid: "291448"
  },
  author: {
    fid: 15355,
    custodyAddress: "0x1ee755a6c617a9ef8bfccde23391b775f957cd45",
    username: "bajpaiharsh",
    displayName: "Harsh Bajpai",
    pfp: {
      url: "https://i.imgur.com/COMDDj4.jpg"
    },
    profile: {
      bio: {
        text: "core dev Kakarot zkEvm, ex protocol engineer PolygonID.",
        mentionedProfiles: []
      }
    },
    followerCount: 150,
    followingCount: 41,
    verifications: [],
    activeStatus: "inactive"
  },
  text: "I am testing @starkbot",
  timestamp: "2024-02-16T12:45:54.000Z",
  embeds: [],
  mentionedProfiles: [
    {
      fid: 291448,
      custodyAddress: "0x67001939e606cb65dec54cd9c520d495b687c0da",
      username: "starkbot",
      displayName: "starkbot",
      pfp: {
        url: "https://i.imgur.com/gGgWgsG.png"
      },
      profile: {
        bio: {
          text: "Your favorite starknet bot.",
          mentionedProfiles: []
        }
      },
      followerCount: 1,
      followingCount: 1,
      verifications: [],
      activeStatus: "inactive"
    }
  ],
  type: "cast-mention",
  reactions: {
    count: 0,
    fids: []
  },
  recasts: {
    count: 0,
    fids: []
  },
  recasters: [],
  viewerContext: {
    liked: false,
    recasted: false
  },
  replies: {
    count: 1
  }
}
----------------------------
notification:  {
  hash: "0xd0c486d5a4b1f4d2805d7394d1af1cae5f5e3d5d",
  parentHash: null,
  parentUrl: null,
  rootParentUrl: null,
  threadHash: "0xd0c486d5a4b1f4d2805d7394d1af1cae5f5e3d5d",
  parentAuthor: {
    fid: null
  },
  author: {
    fid: 15355,
    custodyAddress: "0x1ee755a6c617a9ef8bfccde23391b775f957cd45",
    username: "bajpaiharsh",
    displayName: "Harsh Bajpai",
    pfp: {
      url: "https://i.imgur.com/COMDDj4.jpg"
    },
    profile: {
      bio: {
        text: "core dev Kakarot zkEvm, ex protocol engineer PolygonID.",
        mentionedProfiles: []
      }
    },
    followerCount: 150,
    followingCount: 41,
    verifications: [],
    activeStatus: "inactive"
  },
  text: "Interesting!\n\nSo I am building a bot with @neynar , I am able to send cast, and I can also see that when I fetch this cast by Hash, I can find it!\n\nBut I can't see it on my bot's feed { bot is @starkbot }\n\nIs Warpcast censoring my feed, and if yes then why?\n\ncast hash: 0x542f2179cd69f1e9a6722a3b014bf071187ba740\n\ncc: @v",
  timestamp: "2024-02-15T08:45:14.000Z",
  embeds: [],
  mentionedProfiles: [
    {
      fid: 6131,
      custodyAddress: "0xa6a8736f18f383f1cc2d938576933e5ea7df01a1",
      username: "neynar",
      displayName: "Neynar",
      pfp: {
        url: "https://i.imgur.com/wK2JvwV.png"
      },
      profile: {
        bio: {
          text: "best farcaster developers build on neynar.com | /neynar",
          mentionedProfiles: []
        }
      },
      followerCount: 1762,
      followingCount: 46,
      verifications: [ "0xa6a8736f18f383f1cc2d938576933e5ea7df01a1" ],
      activeStatus: "active"
    }, {
      fid: 291448,
      custodyAddress: "0x67001939e606cb65dec54cd9c520d495b687c0da",
      username: "starkbot",
      displayName: "starkbot",
      pfp: {
        url: "https://i.imgur.com/gGgWgsG.png"
      },
      profile: {
        bio: {
          text: "Your favorite starknet bot.",
          mentionedProfiles: []
        }
      },
      followerCount: 1,
      followingCount: 1,
      verifications: [],
      activeStatus: "inactive"
    }, {
      fid: 2,
      custodyAddress: "0x4114e33eb831858649ea3702e1c9a2db3f626446",
      username: "v",
      displayName: "Varun Srinivasan",
      pfp: {
        url: "https://i.seadn.io/gae/sYAr036bd0bRpj7OX6B-F-MqLGznVkK3--DSneL_BT5GX4NZJ3Zu91PgjpD9-xuVJtHq0qirJfPZeMKrahz8Us2Tj_X8qdNPYC-imqs?w=500&auto=format"
      },
      profile: {
        bio: {
          text: "Technowatermelon. Elder Millenial. Building Farcaster. \n\nnf.td/varun",
          mentionedProfiles: []
        }
      },
      followerCount: 129024,
      followingCount: 1116,
      verifications: [ "0x91031dcfdea024b4d51e775486111d2b2a715871", "0x182327170fc284caaa5b1bc3e3878233f529d741",
        "0x83f7335253bfaf321de49f25f6fd67fa8f1d0665b4cab33f67f7e4341bfd91d0" ],
      activeStatus: "active"
    }
  ],
  type: "cast-mention",
  reactions: {
    count: 0,
    fids: []
  },
  recasts: {
    count: 0,
    fids: []
  },
  recasters: [],
  viewerContext: {
    liked: false,
    recasted: false
  },
  replies: {
    count: 1
  }
}
----------------------------
notification:  {
  hash: "0xf09ea837e0f2eff8c77d90a47f11143a881d8ed0",
  parentHash: "0x9d18f74d46ee67a73dea619d2beb041cc42bde0d",
  parentUrl: null,
  rootParentUrl: null,
  threadHash: "0xd0bd965b265e6d9a8de09d23a385e4fe697173bc",
  parentAuthor: {
    fid: "15355"
  },
  author: {
    fid: 15355,
    custodyAddress: "0x1ee755a6c617a9ef8bfccde23391b775f957cd45",
    username: "bajpaiharsh",
    displayName: "Harsh Bajpai",
    pfp: {
      url: "https://i.imgur.com/COMDDj4.jpg"
    },
    profile: {
      bio: {
        text: "core dev Kakarot zkEvm, ex protocol engineer PolygonID.",
        mentionedProfiles: []
      }
    },
    followerCount: 150,
    followingCount: 41,
    verifications: [],
    activeStatus: "inactive"
  },
  text: "@starkbot testing",
  timestamp: "2024-02-16T12:46:30.000Z",
  embeds: [],
  mentionedProfiles: [
    {
      fid: 291448,
      custodyAddress: "0x67001939e606cb65dec54cd9c520d495b687c0da",
      username: "starkbot",
      displayName: "starkbot",
      pfp: {
        url: "https://i.imgur.com/gGgWgsG.png"
      },
      profile: {
        bio: {
          text: "Your favorite starknet bot.",
          mentionedProfiles: []
        }
      },
      followerCount: 1,
      followingCount: 1,
      verifications: [],
      activeStatus: "inactive"
    }
  ],
  type: "cast-mention",
  reactions: {
    count: 0,
    fids: []
  },
  recasts: {
    count: 0,
    fids: []
  },
  recasters: [],
  viewerContext: {
    liked: false,
    recasted: false
  },
  replies: {
    count: 0
  }
}
----------------------------
notification:  {
  hash: "0x9d18f74d46ee67a73dea619d2beb041cc42bde0d",
  parentHash: "0xd0bd965b265e6d9a8de09d23a385e4fe697173bc",
  parentUrl: null,
  rootParentUrl: null,
  threadHash: "0xd0bd965b265e6d9a8de09d23a385e4fe697173bc",
  parentAuthor: {
    fid: "291448"
  },
  author: {
    fid: 15355,
    custodyAddress: "0x1ee755a6c617a9ef8bfccde23391b775f957cd45",
    username: "bajpaiharsh",
    displayName: "Harsh Bajpai",
    pfp: {
      url: "https://i.imgur.com/COMDDj4.jpg"
    },
    profile: {
      bio: {
        text: "core dev Kakarot zkEvm, ex protocol engineer PolygonID.",
        mentionedProfiles: []
      }
    },
    followerCount: 150,
    followingCount: 41,
    verifications: [],
    activeStatus: "inactive"
  },
  text: "I am testing @starkbot",
  timestamp: "2024-02-16T12:45:54.000Z",
  embeds: [],
  mentionedProfiles: [
    {
      fid: 291448,
      custodyAddress: "0x67001939e606cb65dec54cd9c520d495b687c0da",
      username: "starkbot",
      displayName: "starkbot",
      pfp: {
        url: "https://i.imgur.com/gGgWgsG.png"
      },
      profile: {
        bio: {
          text: "Your favorite starknet bot.",
          mentionedProfiles: []
        }
      },
      followerCount: 1,
      followingCount: 1,
      verifications: [],
      activeStatus: "inactive"
    }
  ],
  type: "cast-mention",
  reactions: {
    count: 0,
    fids: []
  },
  recasts: {
    count: 0,
    fids: []
  },
  recasters: [],
  viewerContext: {
    liked: false,
    recasted: false
  },
  replies: {
    count: 1
  }
}
----------------------------
notification:  {
  hash: "0xd0c486d5a4b1f4d2805d7394d1af1cae5f5e3d5d",
  parentHash: null,
  parentUrl: null,
  rootParentUrl: null,
  threadHash: "0xd0c486d5a4b1f4d2805d7394d1af1cae5f5e3d5d",
  parentAuthor: {
    fid: null
  },
  author: {
    fid: 15355,
    custodyAddress: "0x1ee755a6c617a9ef8bfccde23391b775f957cd45",
    username: "bajpaiharsh",
    displayName: "Harsh Bajpai",
    pfp: {
      url: "https://i.imgur.com/COMDDj4.jpg"
    },
    profile: {
      bio: {
        text: "core dev Kakarot zkEvm, ex protocol engineer PolygonID.",
        mentionedProfiles: []
      }
    },
    followerCount: 150,
    followingCount: 41,
    verifications: [],
    activeStatus: "inactive"
  },
  text: "Interesting!\n\nSo I am building a bot with @neynar , I am able to send cast, and I can also see that when I fetch this cast by Hash, I can find it!\n\nBut I can't see it on my bot's feed { bot is @starkbot }\n\nIs Warpcast censoring my feed, and if yes then why?\n\ncast hash: 0x542f2179cd69f1e9a6722a3b014bf071187ba740\n\ncc: @v",
  timestamp: "2024-02-15T08:45:14.000Z",
  embeds: [],
  mentionedProfiles: [
    {
      fid: 6131,
      custodyAddress: "0xa6a8736f18f383f1cc2d938576933e5ea7df01a1",
      username: "neynar",
      displayName: "Neynar",
      pfp: {
        url: "https://i.imgur.com/wK2JvwV.png"
      },
      profile: {
        bio: {
          text: "best farcaster developers build on neynar.com | /neynar",
          mentionedProfiles: []
        }
      },
      followerCount: 1762,
      followingCount: 46,
      verifications: [ "0xa6a8736f18f383f1cc2d938576933e5ea7df01a1" ],
      activeStatus: "active"
    }, {
      fid: 291448,
      custodyAddress: "0x67001939e606cb65dec54cd9c520d495b687c0da",
      username: "starkbot",
      displayName: "starkbot",
      pfp: {
        url: "https://i.imgur.com/gGgWgsG.png"
      },
      profile: {
        bio: {
          text: "Your favorite starknet bot.",
          mentionedProfiles: []
        }
      },
      followerCount: 1,
      followingCount: 1,
      verifications: [],
      activeStatus: "inactive"
    }, {
      fid: 2,
      custodyAddress: "0x4114e33eb831858649ea3702e1c9a2db3f626446",
      username: "v",
      displayName: "Varun Srinivasan",
      pfp: {
        url: "https://i.seadn.io/gae/sYAr036bd0bRpj7OX6B-F-MqLGznVkK3--DSneL_BT5GX4NZJ3Zu91PgjpD9-xuVJtHq0qirJfPZeMKrahz8Us2Tj_X8qdNPYC-imqs?w=500&auto=format"
      },
      profile: {
        bio: {
          text: "Technowatermelon. Elder Millenial. Building Farcaster. \n\nnf.td/varun",
          mentionedProfiles: []
        }
      },
      followerCount: 129024,
      followingCount: 1116,
      verifications: [ "0x91031dcfdea024b4d51e775486111d2b2a715871", "0x182327170fc284caaa5b1bc3e3878233f529d741",
        "0x83f7335253bfaf321de49f25f6fd67fa8f1d0665b4cab33f67f7e4341bfd91d0" ],
      activeStatus: "active"
    }
  ],
  type: "cast-mention",
  reactions: {
    count: 0,
    fids: []
  },
  recasts: {
    count: 0,
    fids: []
  },
  recasters: [],
  viewerContext: {
    liked: false,
    recasted: false
  },
  replies: {
    count: 1
  }
}
----------------------------
